💡 [Telemetry/Performance] Sequential Queries Could Be Parallelized
   6 RunView calls executed sequentially
   💡 Use RunViews (batch) to execute these queries in parallel for better performance
{ operationName: 'RunViewsQuery', variables: { input: [ [Object] ] } }
{ operationName: 'RunViewsQuery', variables: { input: [ [Object] ] } }
{ operationName: 'RunViewsQuery', variables: { input: [ [Object] ] } }
{ operationName: 'RunViewsQuery', variables: { input: [ [Object] ] } }
{ operationName: 'RunViewsQuery', variables: { input: [ [Object] ] } }
{ operationName: 'RunViewsQuery', variables: { input: [ [Object] ] } }
{ operationName: 'RunViewsQuery', variables: { input: [ [Object] ] } }
{ operationName: 'RunViewsQuery', variables: { input: [ [Object] ] } }
{ operationName: 'RunViewsQuery', variables: { input: [ [Object] ] } }
{ operationName: 'RunViewsQuery', variables: { input: [ [Object] ] } }
{ operationName: 'RunViewsQuery', variables: { input: [ [Object] ] } }
{
  operationName: 'UpdateMJUserRecordLog',
  variables: {
    input: {
      ID: '1E721880-319A-4772-A138-9A827FFE9B8D',
      UserID: '189F54FD-EF10-4877-90D3-5718547AAF48',
      EntityID: 'FD238F34-2837-EF11-86D4-6045BDEE16E6',
      RecordID: 'DAB9433E-F36B-1410-8DA0-00021F8B792E',
      EarliestAt: 1772918895469,
      LatestAt: 1772926624951,
      TotalCount: 13,
      OldValues___: [Array]
    }
  }
}
LocalCacheManager.SetRunViewResult: Cached 10 rows for "MJ: Entity Action Invocation Types|_|_|entity_object|-1|0|_|" (4876 bytes)
LocalCacheManager.SetRunViewResult: Cached 0 rows for "MJ: Entity Action Filters|_|_|entity_object|-1|0|_|mssql://l" (112 bytes)
LocalCacheManager.SetRunViewResult: Cached 0 rows for "MJ: Entity Action Invocations|_|_|entity_object|-1|0|_|mssql" (112 bytes)
LocalCacheManager.SetRunViewResult: Cached 0 rows for "MJ: Entity Actions|_|_|entity_object|-1|0|_|mssql://localhos" (112 bytes)
LocalCacheManager.SetRunViewResult: Cached 0 rows for "MJ: Entity Action Params|_|_|entity_object|-1|0|_|mssql://lo" (112 bytes)
Redis pub/sub: published set event for key "MJ: Entity Action Invocation Types|_|_|entity_object|-1|0|_|mssql://localhost:1433/" on channel "mj:__pubsub__"
Redis pub/sub: published set event for key "MJ: Entity Action Filters|_|_|entity_object|-1|0|_|mssql://localhost:1433/" on channel "mj:__pubsub__"
Redis pub/sub: published set event for key "MJ: Entity Action Invocations|_|_|entity_object|-1|0|_|mssql://localhost:1433/" on channel "mj:__pubsub__"
Redis pub/sub: published set event for key "MJ: Entity Actions|_|_|entity_object|-1|0|_|mssql://localhost:1433/" on channel "mj:__pubsub__"
Redis pub/sub: published set event for key "MJ: Entity Action Params|_|_|entity_object|-1|0|_|mssql://localhost:1433/" on channel "mj:__pubsub__"
Loading embedding model Xenova/all-mpnet-base-v2 from HuggingFace (first-time download may take a moment)...
{ operationName: 'RunViewsQuery', variables: { input: [ [Object] ] } }
Redis pub/sub: published set event for key "__MJ_CACHE_REGISTRY__" on channel "mj:__pubsub__"
Model Xenova/all-mpnet-base-v2 loaded successfully
{ operationName: undefined, variables: {} }
⚠️ [Telemetry/Redundancy] Duplicate RunView Detected
   Identical RunView (MJ: AI Models, same filter/orderBy) called 2 times
   💡 Cache the result or use an engine to avoid redundant database queries
LocalCacheManager: BaseEntity save event for "MJ: User Record Logs", updating 1 cached fingerprint(s)
LocalCacheManager: Upserting entity 1E721880-319A-4772-A138-9A827FFE9B8D in unfiltered cache "MJ: User Record Logs|_|_|entity_object|-1|0|_|mssql://localh"
LocalCacheManager.UpsertSingleEntity: Found cached data with 1 rows, updating...
LocalCacheManager.UpsertSingleEntity: Found cached data with 1 rows, updating...
Redis pub/sub: published set event for key "MJ: User Record Logs|_|_|entity_object|-1|0|_|mssql://localhost:1433/" on channel "mj:__pubsub__"
Redis pub/sub: published set event for key "MJ: User Record Logs|_|_|entity_object|-1|0|_|mssql://localhost:1433/" on channel "mj:__pubsub__"
{
  operationName: undefined,
  variables: {
    input: {
      ID: '2E328C31-9B9D-4E78-B084-C8381BC82F2F',
      Description: 'Higher quality sentence embeddings with more layers. Better accuracy than L6 variant. Runs locally via Transformers.js. [Redis Proof 2026-03-07T23:36:49.756Z]'
    }
  }
}
LocalCacheManager: BaseEntity save event for "MJ: AI Models", updating 1 cached fingerprint(s)
LocalCacheManager: Upserting entity 2E328C31-9B9D-4E78-B084-C8381BC82F2F in unfiltered cache "MJ: AI Models|_|_|entity_object|-1|0|_|mssql://localhost:143"
LocalCacheManager.UpsertSingleEntity: Found cached data with 105 rows, updating...
Redis pub/sub: published set event for key "MJ: AI Models|_|_|entity_object|-1|0|_|mssql://localhost:1433/" on channel "mj:__pubsub__"
Redis pub/sub: published set event for key "__MJ_CACHE_REGISTRY__" on channel "mj:__pubsub__"
LocalCacheManager.SetRunViewResult: Cached 105 rows for "MJ: AI Models|_|_|entity_object|-1|0|_|mssql://localhost:143" (157816 bytes)
TypeError: Cannot read properties of undefined (reading 'push')
Redis pub/sub: published set event for key "MJ: AI Models|_|_|entity_object|-1|0|_|mssql://localhost:1433/" on channel "mj:__pubsub__"
Redis pub/sub: published set event for key "__MJ_CACHE_REGISTRY__" on channel "mj:__pubsub__"

⚠️  DEPRECATION WARNINGS - The following entities/fields are deprecated and may be removed in future versions:

📦 DEPRECATED ENTITIES:
  • "MJ: AI Actions" (called from: PreRunViews)
  • "MJ: AI Agent Models" (called from: PreRunViews)
  • "MJ: AI Model Actions" (called from: PreRunViews)
  • "MJ: Entity AI Actions" (called from: PreRunViews)

💡 Set ShowAll=true in configuration to see every occurrence.

{
  operationName: undefined,
  variables: {
    input: {
      ID: '2E328C31-9B9D-4E78-B084-C8381BC82F2F',
      Description: 'Higher quality sentence embeddings with more layers. Better accuracy than L6 variant. Runs locally via Transformers.js.'
    }
  }
}
LocalCacheManager: BaseEntity save event for "MJ: AI Models", updating 1 cached fingerprint(s)
LocalCacheManager: Upserting entity 2E328C31-9B9D-4E78-B084-C8381BC82F2F in unfiltered cache "MJ: AI Models|_|_|entity_object|-1|0|_|mssql://localhost:143"
LocalCacheManager.UpsertSingleEntity: Found cached data with 105 rows, updating...
Redis pub/sub: published set event for key "MJ: AI Models|_|_|entity_object|-1|0|_|mssql://localhost:1433/" on channel "mj:__pubsub__"
Redis pub/sub: published set event for key "__MJ_CACHE_REGISTRY__" on channel "mj:__pubsub__"
LocalCacheManager.SetRunViewResult: Cached 105 rows for "MJ: AI Models|_|_|entity_object|-1|0|_|mssql://localhost:143" (157738 bytes)
TypeError: Cannot read properties of undefined (reading 'push')
Redis pub/sub: published set event for key "MJ: AI Models|_|_|entity_object|-1|0|_|mssql://localhost:1433/" on channel "mj:__pubsub__"
Redis pub/sub: published set event for key "__MJ_CACHE_REGISTRY__" on channel "mj:__pubsub__"
